./Out_NIKE.txt|| Size : 99
./Out_MCM_MIGRATION_1.txt|| Size : 99
./Out_RL_PUBLISHER12.txt|| Size : 99
./Out_RL_PUBLISHER26.txt|| Size : 99
./Out_RL_PUBLISHER27.txt|| Size : 99
./Out_RL_PUBLISHER28.txt|| Size : 99
./Out_RL_PUBLISHER29.txt|| Size : 99
./Out_RL_PUBLISHER30.txt|| Size : 99
./Out_RL_PUBLISHER31.txt|| Size : 99
./Out_RL_PUBLISHER32.txt|| Size : 99
./Out_RL_PUBLISHER33.txt|| Size : 99
./Out_RL_PUBLISHER34.txt|| Size : 99
./Out_RL_PUBLISHER35.txt|| Size : 99
./Out_RL_PUBLISHER36.txt|| Size : 99
./Out_RL_PUBLISHER37.txt|| Size : 99
./Out_CB_DEMO.txt|| Size : 99
./Out_RL_PUBLISHER13.txt|| Size : 99
./Out_SCHUSTER.txt|| Size : 99
./Out_RL_PUBLISHER14.txt|| Size : 99
./Out_RL_PUBLISHER15.txt|| Size : 99
./Out_RL_PUBLISHER16.txt|| Size : 99
./Out_RL_PUBLISHER17.txt|| Size : 99
./Out_RL_PUBLISHER18.txt|| Size : 99
./Out_RL_PUBLISHER19.txt|| Size : 99
./Out_RL_PUBLISHER20.txt|| Size : 99
./Out_RL_PUBLISHER21.txt|| Size : 99
./Out_RL_PUBLISHER22.txt|| Size : 99
./Out_RL_PUBLISHER23.txt|| Size : 99
./Out_RL_PUBLISHER24.txt|| Size : 99
./Out_RL_PUBLISHER25.txt|| Size : 99
./Out_MDLZ_PH_DMS.txt|| Size : 99
./Out_MDLZ_PH_SIF.txt|| Size : 99
./Out_AL_EURL_BOISSONS.txt|| Size : 99
./Out_AL_HOUAMDI_MALEK.txt|| Size : 99
./Out_AL_AIT_SAID.txt|| Size : 99
./Out_AL_HAMIA_BELAID.txt|| Size : 99
./Out_TEST_PUB.txt|| Size : 99
./Out_TEST_SUB.txt|| Size : 99
./Out_RL_PUBLISHER38.txt|| Size : 99
./Out_RL_PUBLISHER39.txt|| Size : 99
./Out_RL_PUBLISHER40.txt|| Size : 99
./Out_RL_PUBLISHER41.txt|| Size : 99
./Out_RL_PUBLISHER42.txt|| Size : 99
./Out_RL_PUBLISHER43.txt|| Size : 99
./Out_RL_PUBLISHER44.txt|| Size : 99
./Out_RL_PUBLISHER45.txt|| Size : 99
./Out_RL_US_LTR.txt|| Size : 99
./Out_MDLZ_RSA_SUBSCRIBER.txt|| Size : 99
./Out_TU_MOULAHI_GABES.txt|| Size : 99
./Out_TU_STE_FRERES.txt|| Size : 99
./Out_3832_LIFE_JP.txt|| Size : 99
./Out_3833_SUGI_YN_JP.txt|| Size : 99
./Out_3834_COCOKARA_JP.txt|| Size : 99
./Out_3835_ENCHO_JP.txt|| Size : 99
./Out_3836_TSURUHA_JP.txt|| Size : 99
./Out_3837_TOMOZU_JP.txt|| Size : 99
./Out_3838_YTK_PHM_JP.txt|| Size : 99
./Out_3839_VALOR_JP.txt|| Size : 99
./Out_3840_KOMERI_JP.txt|| Size : 99
./Out_3841_AMAZON_JP.txt|| Size : 99
./Out_3842_RAKUTEN_JP.txt|| Size : 99
./Out_3843_HOME_DEPOT_CA.txt|| Size : 99
./Out_3844_AMAZON_US.txt|| Size : 99
./Out_3845_BIG_LOTS_US.txt|| Size : 99
./Out_3846_AMAZON_ABVP_US.txt|| Size : 99
./Out_3848_DETS_MIR_RU.txt|| Size : 99
./Out_3849_METRO_RU.txt|| Size : 99
./Out_3850_EMAG_RO.txt|| Size : 99
./Out_7009_EXITOCATMAN_CO.txt|| Size : 99
./Out_7053_SORIANACATMAN.txt|| Size : 99
./Out_7054_CRUZVERDECATMAN.txt|| Size : 99
./Out_7055_TOTTUSCATMAN.txt|| Size : 99
./Out_7056_CNDCATMAN_CO.txt|| Size : 99
./Out_7057_CONTROL_MX.txt|| Size : 99
./Out_7058_ARTELI_MX.txt|| Size : 99
./Out_7059_AMAZON_MX.txt|| Size : 99
./Out_7060_COPPEL_MX.txt|| Size : 99
./Out_7061_HEMSA_MX.txt|| Size : 99
./Out_7062_MERCO_MX.txt|| Size : 99
./Out_TU_STE_ALIMENTAIRE.txt|| Size : 99
./Out_KRAFT.txt|| Size : 99
./Out_KROGER_KRAFT.txt|| Size : 99
./Out_KRAFT_NA.txt|| Size : 99
./Out_TUK_GRAMBA.txt|| Size : 99
./Out_TUK_TAKAWEDO.txt|| Size : 99
./Out_TUK_WITNESS_DAMAS.txt|| Size : 99
./Out_RL_PUBLISHER46.txt|| Size : 99
./Out_RL_PUBLISHER47.txt|| Size : 99
./Out_RL_PUBLISHER48.txt|| Size : 99
./Out_RL_PUBLISHER49.txt|| Size : 99
./Out_RL_PUBLISHER50.txt|| Size : 99
./Out_RL_PUBLISHER51.txt|| Size : 99
./Out_RL_PUBLISHER52.txt|| Size : 99
./Out_RL_PUBLISHER53.txt|| Size : 99
./Out_RL_PUBLISHER54.txt|| Size : 99
./Out_RL_PUBLISHER55.txt|| Size : 99
./Out_RL_PUBLISHER56.txt|| Size : 99
./Out_RL_PUBLISHER57.txt|| Size : 99
./Out_RL_PUBLISHER58.txt|| Size : 99
./Out_RL_PUBLISHER59.txt|| Size : 99
./Out_RL_PUBLISHER60.txt|| Size : 99
./Out_DEFAULT.txt|| Size : 99
./Out_BACARDI_AMVYXSA.txt|| Size : 99
./Out_MDLZ_ITALY_NLSEN_PUB.txt|| Size : 99
./Out_MDLZ_ITALY_NLSEN_SUB.txt|| Size : 99
./Out_BACARDI_MAGPIE.txt|| Size : 99
./Out_7065_OXXO_MX.txt|| Size : 99
./Out_MDLZ_MAR_PUB.txt|| Size : 99
./Out_MDLZ_MAR_SUB.txt|| Size : 99
./Out_3853_GROCERS_US.txt|| Size : 99
./Out_WAMO_BVBA.txt|| Size : 99
./Out_PROFIDA_SA.txt|| Size : 99
./Out_RETAIL_CONCEPT_NV.txt|| Size : 99
./Out_URBAN_OUTFITTERS.txt|| Size : 99
./Out_OTTO_VERSAND_GMBH.txt|| Size : 99
./Out_AMAZON_EU_SARL.txt|| Size : 99
./Out_ABOUT_YOU_GMBH.txt|| Size : 99
./Out_ASOS_COM.txt|| Size : 99
./Out_LA_REDOUTE_SA.txt|| Size : 99
./Out_7066_FRMCS_DEL_AH_MX.txt|| Size : 99
./Out_CC_SAINSBURYS.txt|| Size : 99
./Out_CC_TESCO.txt|| Size : 99
./Out_CC_NIELSEN.txt|| Size : 99
./Out_COCA_COLA.txt|| Size : 99
./Out_BACARDI_ALCHEMY.txt|| Size : 99
./Out_KRAFT_HEINZ.txt|| Size : 99
./Out_NIELSEN_US.txt|| Size : 99
./Out_7067_CLICKS.txt|| Size : 99
./Out_7068_SHOPRITE.txt|| Size : 99
./Out_7069_DISCHEM.txt|| Size : 99
./Out_7070_MAKRO.txt|| Size : 99
./Out_7071_GAME.txt|| Size : 99
./Out_7072_SPAR.txt|| Size : 99
./Out_7073_TESCO.txt|| Size : 99
./Out_7074_BIGC.txt|| Size : 99
./Out_3854_DAGROF.txt|| Size : 99
./Out_3855_MATAS.txt|| Size : 99
./Out_3857_KESKO.txt|| Size : 99
./Out_3858_COOP.txt|| Size : 99
./Out_VOICE_NORGE.txt|| Size : 99
./Out_3862_CARREFOUR.txt|| Size : 99
./Out_7077_GIANT.txt|| Size : 99
./Out_7076_TESCO.txt|| Size : 99
./Out_7078_WATSON.txt|| Size : 99
./Out_MARS_RCCN_LTWMS.txt|| Size : 99
./Out_MARS_RCCN_DATALAKE.txt|| Size : 99
./Out_3859_YAKUOHDO.txt|| Size : 99
./Out_ULTRA_JEANS_LTD.txt|| Size : 99
./Out_3860_PROFI.txt|| Size : 99
./Out_3861_SOK.txt|| Size : 99
./Out_LOREAL_NIELSEN.txt|| Size : 99
./Out_LOREAL_AMAZON.txt|| Size : 99
./Out_LOREAL_ULTA.txt|| Size : 99
./Out_LOREAL_LOREALUSA.txt|| Size : 99
./Out_7080_COLD_STORAGE.txt|| Size : 99
./Out_7082_GUARDIAN.txt|| Size : 99
./Out_7079_GIANT.txt|| Size : 99
./Out_7081_WATSON.txt|| Size : 99
./Out_7083_ASSAI.txt|| Size : 99
./Out_7084_ARA.txt|| Size : 99
./Out_7075_AEON_BIG.txt|| Size : 99
./Out_RETAILERS_US.txt|| Size : 99
./Out_FASHION_COMPANY.txt|| Size : 99
./Out_STOCKMANN_JS.txt|| Size : 99
./Out_3863_TENDA.txt|| Size : 99
./Out_3864_DIMED.txt|| Size : 99
./Out_3865_VENANCIO.txt|| Size : 99
./Out_3866_ROLDAO.txt|| Size : 99
./Out_7085_COOP.txt|| Size : 99
./Out_7086_VINMART.txt|| Size : 99
./Out_MERCK_REPORT_PUBLISHER.txt|| Size : 99
./Out_MERCK_REPORT_SUBSCRIBER.txt|| Size : 99
./Out_INTL_PUBLISHER.txt|| Size : 99
./Out_INTEL.txt|| Size : 99
./Out_INTL_PUBLISHER_2.txt|| Size : 99
./Out_INTL_PUBLISHER_3.txt|| Size : 99
./Out_INTL_PUBLISHER_4.txt|| Size : 99
./Out_INTL_PUBLISHER_5.txt|| Size : 99
./Out_INTL_PUBLISHER_6.txt|| Size : 99
./Out_INTL_PUBLISHER_7.txt|| Size : 99
./Out_INTL_PUBLISHER_8.txt|| Size : 99
./Out_TEMCMSTDPUB.txt|| Size : 99
./Out_TEMCMSTDSUB_MPM1_3.txt|| Size : 99
./Out_MERCK.txt|| Size : 99
./Out_INTL_PUBLISHER_9.txt|| Size : 99
./Out_INTL_PUBLISHER_10.txt|| Size : 99
./Out_3867_DROGAL_BR.txt|| Size : 99
./Out_LOREAL_COUPON.txt|| Size : 99
./Out_LOREAL_LOREALDW.txt|| Size : 99
./Out_PUMA.txt|| Size : 99
./Out_7105_CASINO.txt|| Size : 99
./Out_JEANS_SYMPHONY.txt|| Size : 99
./Out_LE_BON_MARCHE.txt|| Size : 99
./Out_PUBLIKAT_GMBH.txt|| Size : 99
./Out_7106_CARREFOUR.txt|| Size : 99
./Out_WEHKAMP.txt|| Size : 99
./Out_AKVAMARIN.txt|| Size : 99
./Out_JEANSSYMPHONY.txt|| Size : 99
./Out_WEHKAMP_CENTRAL.txt|| Size : 99
./Out_BACARDI_WOW_BEVERAGE.txt|| Size : 99
./Out_BACARDI_MR_RENOUVO.txt|| Size : 99
./Out_TENANT1.txt|| Size : 99
./Out_TENANT2.txt|| Size : 99
./Out_SYNGENTA.txt|| Size : 99
./Out_MERCK_6207484_PUB.txt|| Size : 99
./Out_MERCK_6211432_PUB.txt|| Size : 99
./Out_MERCK_6219556_PUB.txt|| Size : 99
./Out_ANIL_STORE.txt|| Size : 99
./Out_ONE_STOP_ETP.txt|| Size : 99
./Out_RAMJIDAS_AND_SONS.txt|| Size : 99
./Out_VIVECA_APPAREL.txt|| Size : 99
./Out_KAPSONS_ADULT.txt|| Size : 99
./Out_7107_RAIASIL.txt|| Size : 99
./Out_7108_EXTRA_FARMA.txt|| Size : 99
./Out_7110_PAGUE_MENOS.txt|| Size : 99
./Out_7111_CONDOR.txt|| Size : 99
./Out_7112_MUFFATO.txt|| Size : 99
./Out_7113_ANGELONI.txt|| Size : 99
./Out_7114_GIASSI.txt|| Size : 99
./Out_7115_CSD.txt|| Size : 99
./Out_7116_SUPER_PM.txt|| Size : 99
./Out_7117_COOP.txt|| Size : 99
./Out_7118_CONFIANCA.txt|| Size : 99
./Out_7119_SAVEGNAGO.txt|| Size : 99
./Out_7121_LOPES.txt|| Size : 99
./Out_7123_SPAR_HU.txt|| Size : 99
./Out_7124_ALLEGRO_PL.txt|| Size : 99
./Out_7125_BIPA_CR.txt|| Size : 99
./Out_7127_FEEDO_CZ.txt|| Size : 99
./Out_7122_DAVO.txt|| Size : 99
./Out_3870_SODIMAC_PE.txt|| Size : 99
./Out_3871_PROMART_PE.txt|| Size : 99
./Out_3872_DPSP_BR.txt|| Size : 99
./Out_3873_LADMAR_LA.txt|| Size : 99
./Out_3874_CSD_BR.txt|| Size : 99
./Out_3875_SAI_JOAO_BR.txt|| Size : 99
./Out_MERCK_MC_SUBSCRIBER.txt|| Size : 99
./Out_7087_DAWAA.txt|| Size : 99
./Out_7088_NAHDI.txt|| Size : 99
./Out_7089_FUTURE_RETAIL.txt|| Size : 99
./Out_LOREAL_VALASSIS_FSI.txt|| Size : 99
./Out_LOREAL_NCH.txt|| Size : 99
./Out_7090_APOLLO.txt|| Size : 99
./Out_7092_VISHAL.txt|| Size : 99
./Out_7093_REL_RETAIL.txt|| Size : 99
./Out_7094_REL_CC.txt|| Size : 99
./Out_7095_ABRL_HYPER.txt|| Size : 99
./Out_7096_SPAR.txt|| Size : 99
./Out_7097_ABRL_LMM.txt|| Size : 99
./Out_7098_HYPERCITY.txt|| Size : 99
./Out_7099_DABUR.txt|| Size : 99
./Out_7100_HERITAGE.txt|| Size : 99
./Out_7101_WALMART.txt|| Size : 99
./Out_7102_BIG_W.txt|| Size : 99
./Out_7103_DPSP.txt|| Size : 99
./Out_7104_WOOLWORTHS.txt|| Size : 99
./Out_7128_MERCASUR_CO.txt|| Size : 99
./Out_7129_LAQUINTA_CO.txt|| Size : 99
./Out_7130_MARIO_HERNANDEZ_CO.txt|| Size : 99
./Out_7131_PARAISO_CO.txt|| Size : 99
./Out_7132_EURO_CO.txt|| Size : 99
./Out_7133_PASADENA_CO.txt|| Size : 99
./Out_7134_ZAPATOCA_CO.txt|| Size : 99
./Out_7135_MERCACENTRO_CO.txt|| Size : 99
./Out_7136_EPM_CO.txt|| Size : 99
./Out_7137_SURTIFAMILIAR_CO.txt|| Size : 99
./Out_7138_CANAVERAL_CO.txt|| Size : 99
./Out_7139_COMFANDI_CO.txt|| Size : 99
./Out_7140_MERCAMIO_CO.txt|| Size : 99
./Out_7141_MERCATODOCF_CO.txt|| Size : 99
./Out_7177_ATAKAREJO_BR.txt|| Size : 99
./Out_7178_COMERCIALMORRINHO_BR.txt|| Size : 99
./Out_7179_MAKRONE_BR.txt|| Size : 99
./Out_7180_TAUSTE_BR.txt|| Size : 99
./Out_7182_JAD_ZOGHEIB_BR.txt|| Size : 99
./Out_7183_VILLEFORT_BR.txt|| Size : 99
./Out_7185_LUIZ_TONIN_BR.txt|| Size : 99
./Out_7166_MAYORSUR_AR.txt|| Size : 99
./Out_7188_COMPER_DF_GO_BR.txt|| Size : 99
./Out_7091_HG.txt|| Size : 99
./Out_7142_MEGATIENDAS_CO.txt|| Size : 99
./Out_7143_ADELCO_MX.txt|| Size : 99
./Out_7144_ANICETOS_MX.txt|| Size : 99
./Out_7146_CHAPA_MX.txt|| Size : 99
./Out_7147_COMA_MX.txt|| Size : 99
./Out_BACARDI_KH.txt|| Size : 99
./Out_7148_CORVI_MX.txt|| Size : 99
./Out_7149_CVS_MX.txt|| Size : 99
./Out_7150_DAPSA_MX.txt|| Size : 99
./Out_7151_DECASA_MX.txt|| Size : 99
./Out_7152_DUERO_MX.txt|| Size : 99
./Out_7153_GARIS_MX.txt|| Size : 99
./Out_7154_HUGOS_MX.txt|| Size : 99
./Out_7155_IBARRA_MX.txt|| Size : 99
./Out_7156_LECHE_19_H_MX.txt|| Size : 99
./Out_7158_PANADERO_MX.txt|| Size : 99
./Out_7159_PCZ_MX.txt|| Size : 99
./Out_7160_RIVERA_MX.txt|| Size : 99
./Out_7161_ZORRO_MX.txt|| Size : 99
./Out_7162_MAKRO_AR.txt|| Size : 99
./Out_7163_BASUALDO_AR.txt|| Size : 99
./Out_7164_DIARCO_AR.txt|| Size : 99
./Out_7165_PANALERANORTE_AR.txt|| Size : 99
./Out_7167_UPA_AR.txt|| Size : 99
./Out_7168_LUPARELLO_AR.txt|| Size : 99
./Out_7169_FARMACITY_AR.txt|| Size : 99
./Out_7170_REDEBH_BR.txt|| Size : 99
./Out_7172_NISSEI_BR.txt|| Size : 99
./Out_7173_MAKROSP_BR.txt|| Size : 99
./Out_7174_SONDA_BR.txt|| Size : 99
./Out_7175_COMPANHIA_SDD_BR.txt|| Size : 99
./Out_BACARDI_SEA.txt|| Size : 99
./Out_BACARDI_ID.txt|| Size : 99
./Out_BACARDI_MM.txt|| Size : 99
./Out_BACARDI_MY.txt|| Size : 99
./Out_BACARDI_PH.txt|| Size : 99
./Out_BACARDI_SG.txt|| Size : 99
./Out_BACARDI_TH.txt|| Size : 99
./Out_BACARDI_VN.txt|| Size : 99
./Out_3876_INDIANA_BR.txt|| Size : 99
./Out_3877_MART_MINAS_BR.txt|| Size : 99
./Out_3878_COSTCO_US.txt|| Size : 99
./Out_7189_CAGSA_MX.txt|| Size : 99
./Out_7190_ABASTECEDERO_MX.txt|| Size : 99
./Out_7191_ABARROTERA_MX.txt|| Size : 99
./Out_7194_MAKRO_PE.txt|| Size : 99
./Out_7195_CORPORACION_PE.txt|| Size : 99
./Out_7196_MAYORSA_PE.txt|| Size : 99
./Out_7152_SU_SUPER_MX.txt|| Size : 99
./Out_7197_LA_CANASTA_CO.txt|| Size : 99
./Out_3876_COMPER_BR.txt|| Size : 99
./Out_3877_MAKRO_BR.txt|| Size : 99
./Out_3869_SHIMACHU_JP.txt|| Size : 99
./Out_PNG_TC_PUB_ASEAN.txt|| Size : 99
./Out_PNG_TC_PUB_IMEA.txt|| Size : 99
./Out_PNG_TC_PUB_EUROPE.txt|| Size : 99
./Out_PNG_TC_SUB_IMEA.txt|| Size : 99
./Out_PNG_TC_SUB_EUROPE.txt|| Size : 99
./Out_7180_SUPERMERCADOS_BR.txt|| Size : 99
./Out_NEXT_RETAIL.txt|| Size : 99
./Out_ARCADIA_GROUP.txt|| Size : 99
./Out_LITTLEWOODS.txt|| Size : 99
./Out_JD_WILLIAMS.txt|| Size : 99
./Out_SELFRIDGES.txt|| Size : 99
./Out_3879_AMAZON_IT.txt|| Size : 99
./Out_3880_AMAZON_ES.txt|| Size : 99
./Out_7162_DIARCO_AR.txt|| Size : 99
./Out_7163_MAXI_AR.txt|| Size : 99
./Out_7164_MAYCAR_AR.txt|| Size : 99
./Out_7168_NINI_AR.txt|| Size : 99
./Out_7183_SOCOFAR_DISTRIBUCION_CL.txt|| Size : 99
./Out_7188_SODIMAC_CL.txt|| Size : 99
./Out_PNG_TC_PUB_WA.txt|| Size : 99
./Out_PNG_TC_PUB_SEA.txt|| Size : 99
./Out_PNG_TC_PUB_SEA_1.txt|| Size : 99
./Out_PNG_TC_PUB_NWA.txt|| Size : 99
./Out_PNG_TC_PUB_NWA_1.txt|| Size : 99
./Out_PNG_TC_PUB_CE.txt|| Size : 99
./Out_PNG_TC_PUB_CE_1.txt|| Size : 99
./Out_PNG_TC_PUB_NE.txt|| Size : 99
./Out_PNG_TC_PUB_NE_1.txt|| Size : 99
./Out_PNG_TC_PUB_NE_2.txt|| Size : 99
./Out_7124_HEBE_PL.txt|| Size : 99
./Out_7125_NATURA_PL.txt|| Size : 99
./Out_JD_SPORTS_AUSTRALIA.txt|| Size : 99
./Out_PRO_DIRECT_UK.txt|| Size : 99
./Out_PRO_DIRECT_US.txt|| Size : 99
./Out_INTERSPORT_GERMANY.txt|| Size : 99
./Out_SPORT_2000_GERMANY.txt|| Size : 99
./Out_SPORT_2000_FRANCE.txt|| Size : 99
./Out_DEICHMANN_GROUP.txt|| Size : 99
./Out_SPORTMAS_RETAILERS.txt|| Size : 99
./Out_SARENZA.txt|| Size : 99
./Out_ASOS_UK.txt|| Size : 99
./Out_TFG.txt|| Size : 99
./Out_SPORT1.txt|| Size : 99
./Out_SRG.txt|| Size : 99
./Out_RPG.txt|| Size : 99
./Out_PNG_TC_SUB_NE.txt|| Size : 99
./Out_BACARDI_TSBCL.txt|| Size : 99
./Out_3882_FUJIYAKUHIN_JP.txt|| Size : 99
./Out_MERCK_6201775_PUB.txt|| Size : 99
./Out_MERCK_6201657_PUB.txt|| Size : 99
./Out_3881_KERUSEL_RU.txt|| Size : 99
./Out_PC_AUSTRIA.txt|| Size : 99
./Out_PC_GERMANY.txt|| Size : 99
./Out_FAMA.txt|| Size : 99
./Out_TRADELINE.txt|| Size : 99
./Out_SILESIA_JEANS.txt|| Size : 99
./Out_LOREAL_CVS.txt|| Size : 99
./Out_LOREAL_COMPETITRACK.txt|| Size : 99
./Out_7198_MAKRO_ZA.txt|| Size : 99
./Out_7199_LUPARELLO_AR.txt|| Size : 99
./Out_DODENHOF.txt|| Size : 99
./Out_JOHN_LEWIS.txt|| Size : 99
./Out_GALLARIES_LAFAYATTE.txt|| Size : 99
./Out_GALLERIA_KAUFHOF.txt|| Size : 99
./Out_ELVERYS.txt|| Size : 99
./Out_LA_REDOUTE.txt|| Size : 99
./Out_YOOX.txt|| Size : 99
./Out_SPORTSHOP_DIRECT.txt|| Size : 99
./Out_FANATICS.txt|| Size : 99
./Out_ITS_FINLAND.txt|| Size : 99
./Out_SPORT_85.txt|| Size : 99
./Out_NENCINI_SPORT.txt|| Size : 99
./Out_DF_SPORT.txt|| Size : 99
./Out_KING.txt|| Size : 99
./Out_KICKZ.txt|| Size : 99
./Out_VOSWINKEL.txt|| Size : 99
./Out_DE_BIJENKORF.txt|| Size : 99
./Out_MAXI_SPORT_SPACE23.txt|| Size : 99
./Out_INTERSPORT_DENMARK.txt|| Size : 99
./Out_PNG_TC_SUB_WA.txt|| Size : 99
./Out_PNG_TC_SUB_SEA.txt|| Size : 99
./Out_PNG_TC_SUB_NWA.txt|| Size : 99
./Out_INTL_PUB_OLR.txt|| Size : 99
./Out_PNG_TC_PUB_MASTER.txt|| Size : 99
./Out_PNG_TC_PUB_BALKANS.txt|| Size : 99
./Out_PNG_TC_PUB_TURKEY.txt|| Size : 99
./Out_PNG_TC_PUB_ISRAEL_1.txt|| Size : 99
./Out_PNG_TC_PUB_ISRAEL_2.txt|| Size : 99
./Out_PNG_TC_SUB_BALKANS.txt|| Size : 99
./Out_PNG_TC_SUB_TURKEY.txt|| Size : 99
./Out_PNG_TC_SUB_ISRAEL.txt|| Size : 99
./Out_3883_COSTCO_US.txt|| Size : 99
./Out_3884_COSTCO_CA.txt|| Size : 99
./Out_NIKE_KOREA.txt|| Size : 99
./Out_KOREA1.txt|| Size : 99
./Out_KOREA2.txt|| Size : 99
./Out_KOREA3.txt|| Size : 99
./Out_KOREA4.txt|| Size : 99
./Out_NIKE_SEA.txt|| Size : 99
./Out_SPORTS_CHECK.txt|| Size : 99
./Out_BREUNINGER.txt|| Size : 99
./Out_SPORTMASTER.txt|| Size : 99
./Out_OFFICE.txt|| Size : 99
./Out_JOANIN.txt|| Size : 99
./Out_TENNIS_POINT.txt|| Size : 99
./Out_GRESVIG.txt|| Size : 99
./Out_JELMOLI.txt|| Size : 99
./Out_FCBM.txt|| Size : 99
./Out_EURETCO.txt|| Size : 99
./Out_INTERSPORT_AUSTRIA.txt|| Size : 99
./Out_PSGM.txt|| Size : 99
./Out_GAME7.txt|| Size : 99
./Out_FOOTASYLUM.txt|| Size : 99
./Out_CROSS_TRAINER.txt|| Size : 99
./Out_I_RUN.txt|| Size : 99
./Out_UNISPORT_AS.txt|| Size : 99
./Out_NSP.txt|| Size : 99
./Out_B4B.txt|| Size : 99
./Out_DW_SPORTS.txt|| Size : 99
./Out_SPORTLER.txt|| Size : 99
./Out_SPRINTER.txt|| Size : 99
./Out_SPORT_24.txt|| Size : 99
./Out_STUDIO_88.txt|| Size : 99
./Out_WIT.txt|| Size : 99
./Out_TOTTENHAM.txt|| Size : 99
./Out_CHELSEA.txt|| Size : 99
./Out_TAF_AUSTRALIA.txt|| Size : 99
./Out_STIRLING_SPORTS.txt|| Size : 99
./Out_THE_ICONIC.txt|| Size : 99
./Out_PLATYPUS.txt|| Size : 99
./Out_HYPE_DC.txt|| Size : 99
./Out_ON_THE_RUN.txt|| Size : 99
./Out_SPORTLAND.txt|| Size : 99
./Out_SPORTAMORE.txt|| Size : 99
./Out_PTMAA.txt|| Size : 99
./Out_NIKE_SEA_DIRECT.txt|| Size : 99
./Out_SEA_RETAILERS.txt|| Size : 99
./Out_SSIPL.txt|| Size : 99
./Out_KAPIL_AGENCY.txt|| Size : 99
./Out_SP_LIFESTYLE.txt|| Size : 99
./Out_MITUL_ETP.txt|| Size : 99
./Out_SAFFRON.txt|| Size : 99
./Out_RJ_CORP.txt|| Size : 99
./Out_JABONG.txt|| Size : 99
./Out_MYNTRA.txt|| Size : 99
./Out_TEJAM_DIST.txt|| Size : 99
./Out_11_TEAMSPORTS.txt|| Size : 99
./Out_CCV_SAS.txt|| Size : 99
./Out_KHAKI_CRAZY.txt|| Size : 99
./Out_NEWWAY.txt|| Size : 99
./Out_GAME_SEVEN.txt|| Size : 99
./Out_NAKDCOM.txt|| Size : 99
./Out_BOOZT.txt|| Size : 99
./Out_OUTFITTERY_GMBH.txt|| Size : 99
./Out_PNG_TCLA_ARGENTINA.txt|| Size : 99
./Out_PNG_TCLA_CHILE.txt|| Size : 99
./Out_MACYS.txt|| Size : 99
./Out_GRUPO_AFEET.txt|| Size : 99
./Out_LIVERPOOL.txt|| Size : 99
./Out_PALACIO.txt|| Size : 99
./Out_ADOLFO_ZAKIAN_SA.txt|| Size : 99
./Out_INNOVA.txt|| Size : 99
./Out_NIKE_DO_BRASIL_NFS.txt|| Size : 99
./Out_NIKE_DO_BRASIL_NIKECOM.txt|| Size : 99
./Out_TAF_MEXICO.txt|| Size : 99
./Out_MISTER_TENNIS.txt|| Size : 99
./Out_CENTAURO.txt|| Size : 99
./Out_FOOT_LOCKER_NCX.txt|| Size : 99
./Out_NETSHOES.txt|| Size : 99
./Out_LIDSSPORTSGROUP.txt|| Size : 99
./Out_AMAZON_US.txt|| Size : 99
./Out_MARTI.txt|| Size : 99
./Out_NS3_INTERNET_SA.txt|| Size : 99
./Out_FOOT_LOCKER_US.txt|| Size : 99
./Out_KOHLS.txt|| Size : 99
./Out_NORDSTROM.txt|| Size : 99
./Out_GRUPO_AXO.txt|| Size : 99
./Out_DPORTENIS.txt|| Size : 99
./Out_LUST.txt|| Size : 99
./Out_COPPEL.txt|| Size : 99
./Out_H_BATTA.txt|| Size : 99
./Out_ZSUPER.txt|| Size : 99
./Out_PNG_TCLA_SUB_CHILE.txt|| Size : 99
./Out_PNG_TCLA_SUB_ARGENTINA.txt|| Size : 99
./Out_PNG_TCLA_PUB_CHILE.txt|| Size : 99
./Out_PNG_TCLA_PUB_ARGENTINA.txt|| Size : 99
./Out_TEXT.txt|| Size : 99
./Out_QUEST.txt|| Size : 99
./Out_GALLERY2.txt|| Size : 99
./Out_HIMARAYA.txt|| Size : 99
./Out_XEBIO.txt|| Size : 99
./Out_ABCMART_JP.txt|| Size : 99
./Out_ALPEN.txt|| Size : 99
./Out_KAMO.txt|| Size : 99
./Out_NIKE_TW.txt|| Size : 99
./Out_NIKE_HK.txt|| Size : 99
./Out_HADDAD.txt|| Size : 99
./Out_AOLONGSHIBO.txt|| Size : 99
./Out_BD_SHENGSHI.txt|| Size : 99
./Out_TOP_SPORTS.txt|| Size : 99
./Out_CC_YUJIE.txt|| Size : 99
./Out_FAYA.txt|| Size : 99
./Out_FENGLEI.txt|| Size : 99
./Out_GOODBABY.txt|| Size : 99
./Out_INTERSPORT.txt|| Size : 99
./Out_JIEZHIXING.txt|| Size : 99
./Out_HIGHWAVE_SPORTS.txt|| Size : 99
./Out_POUSHENG.txt|| Size : 99
./Out_QD_BOCHENG.txt|| Size : 99
./Out_REALLY.txt|| Size : 99
./Out_SANSE.txt|| Size : 99
./Out_SHAANXI_LIHE.txt|| Size : 99
./Out_SHUANGJIAN.txt|| Size : 99
./Out_XIE_WAN_KU.txt|| Size : 99
./Out_YN_YUCHENG.txt|| Size : 99
./Out_FANATICS_US.txt|| Size : 99
./Out_7200_UNION_COOP_AP.txt|| Size : 99
./Out_7201_DANUBE_AP.txt|| Size : 99
./Out_7202_BIN_DAWOOD_AP.txt|| Size : 99
./Out_7203_KM_TRADING_AP.txt|| Size : 99
./Out_7204_AL_MAYA_AP.txt|| Size : 99
./Out_7205_FARMACIE_IN_CHIARO_IT.txt|| Size : 99
./Out_3885_WAITROSE_UK.txt|| Size : 99
./Out_PNG_TC_PUB_ID.txt|| Size : 99
./Out_PNG_TC_PUB_ID_1.txt|| Size : 99
./Out_PNG_TC_PUB_MY.txt|| Size : 99
./Out_PNG_TC_PUB_NZ.txt|| Size : 99
./Out_PNG_TC_PUB_SG.txt|| Size : 99
./Out_PNG_TC_PUB_TH.txt|| Size : 99
./Out_PNG_TC_PUB_TH_1.txt|| Size : 99
./Out_PNG_TC_PUB_TH_2.txt|| Size : 99
./Out_PNG_TC_PUB_VN.txt|| Size : 99
./Out_PNG_TC_PUB_VN_1.txt|| Size : 99
./Out_PNG_TC_PUB_PH.txt|| Size : 99
./Out_PNG_TC_PUB_PH_1.txt|| Size : 99
./Out_PNG_TC_PUB_PH_2.txt|| Size : 99
./Out_PNG_TC_ASEAN_MSR_EAN.txt|| Size : 99
./Out_PNG_TC_ASEAN_SS_PROD.txt|| Size : 99
./Out_BACARDI_MENASSA.txt|| Size : 99
./Out_3733_WOOLWORTHS_AU.txt|| Size : 99
./Out_ALIVE.txt|| Size : 99
./Out_GRUPO_JULIO.txt|| Size : 99
./Out_NETSHOES_MX.txt|| Size : 99
./Out_CALZAPATO.txt|| Size : 99
./Out_PRICESHOES.txt|| Size : 99
./Out_SOUL.txt|| Size : 99
./Out_AIR_TIME.txt|| Size : 99
./Out_BARRIO_WARRIOR.txt|| Size : 99
./Out_99PROBLEMS.txt|| Size : 99
./Out_PNG_TC_PUB_ID_SLN_IV.txt|| Size : 99
./Out_PNG_TC_PUB_ID_PU_IV.txt|| Size : 99
./Out_PNG_TC_PUB_ID_CSA_IV.txt|| Size : 99
./Out_PNG_TC_PUB_MY_MERI_IV.txt|| Size : 99
./Out_PNG_TC_PUB_MY_KTC_IV.txt|| Size : 99
./Out_PNG_TC_PUB_MY_LHM_IV.txt|| Size : 99
./Out_PNG_TC_PUB_SG_ALPHA_IV.txt|| Size : 99
./Out_PNG_TC_PUB_SG_LINK_IV.txt|| Size : 99
./Out_PNG_TC_PUB_TH_SMK_IV.txt|| Size : 99
./Out_PNG_TC_PUB_TH_BKC_IV.txt|| Size : 99
./Out_PNG_TC_PUB_TH_CNR_IV.txt|| Size : 99
./Out_PNG_TC_PUB_TH_HDY_IV.txt|| Size : 99
./Out_PNG_TC_PUB_TH_SRT_IV.txt|| Size : 99
./Out_3887_DM_RO.txt|| Size : 99
./Out_LOREAL_KCL.txt|| Size : 99
./Out_PNG_TC_PUB_JPN.txt|| Size : 99
./Out_PNG_TC_PUB_JPN_1.txt|| Size : 99
./Out_SNIPES.txt|| Size : 99
./Out_NAVABI.txt|| Size : 99
./Out_LOREAL_MARKETTRACK.txt|| Size : 99
./Out_RB_HONG_KONG_SMFA_NEWSPAGE.txt|| Size : 99
./Out_RB_HUNGARY_MFA_NEWSPAGE.txt|| Size : 99
./Out_RB_NP_NOA_RBONE.txt|| Size : 99
./Out_RB_PAK_RBONE.txt|| Size : 99
./Out_RB_PHL_RBONE.txt|| Size : 99
./Out_RB_NP_MEX_RBONE.txt|| Size : 99
./Out_RB_THA_RBONE.txt|| Size : 99
./Out_BU_HEINEKEN.txt|| Size : 99
./Out_SL_SUGARLOAF.txt|| Size : 99
./Out_SL_PATRILIA.txt|| Size : 99
./Out_2715_HOMEDEPOT_US.txt|| Size : 99
./Out_BIND_PUBLISHER.txt|| Size : 99
./Out_MDLZ_MY_PUB.txt|| Size : 99
./Out_RL_US_BLOOMINGDALE.txt|| Size : 99
./Out_RL_US_NORDSTROM.txt|| Size : 99
./Out_3831_SDM_CATMAN_CA.txt|| Size : 99
./Out_3830_LOBLAW_CA.txt|| Size : 99
./Out_KHC_JESAN_CR.txt|| Size : 99
./Out_RB_SAF_RBONE.txt|| Size : 99
./Out_SINO_KELL.txt|| Size : 99
./Out_RL_US_DILLARDS.txt|| Size : 99
./Out_KHC_COARSA_CR.txt|| Size : 99
./Out_KHC_MAYCA_CR.txt|| Size : 99
./Out_KHC_TRANSZUM_CR.txt|| Size : 99
./Out_DM_CZECH.txt|| Size : 99
./Out_INDOMARET_ID.txt|| Size : 99
./Out_LION_ID.txt|| Size : 99
./Out_RW_ALDITRASSO.txt|| Size : 99
./Out_RB_OMANQATARKUWAIT_MFA_NEWSPAGE.txt|| Size : 99
./Out_RB_NIGERIA_SFA_NEWSPAGE.txt|| Size : 99
./Out_RB_MOROCCO_MFA_NEWSPAGE.txt|| Size : 99
./Out_RB_MEXICO_MFA_NEWSPAGE.txt|| Size : 99
./Out_RB_MALAYSIA_SFA_NEWSPAGE.txt|| Size : 99
./Out_RB_KSA_MFA_NEWSPAGE.txt|| Size : 99
./Out_RB_JAPAN_MFA_NEWSPAGE.txt|| Size : 99
./Out_RL_PUBLISHER4.txt|| Size : 99
./Out_RL_PUBLISHER3.txt|| Size : 99
./Out_RL_PUBLISHER10.txt|| Size : 99
./Out_RL_PUBLISHER2.txt|| Size : 99
./Out_RL_PUBLISHER9.txt|| Size : 99
./Out_RL_PUBLISHER8.txt|| Size : 99
./Out_RL_PUBLISHER6.txt|| Size : 99
./Out_RL_PUBLISHER7.txt|| Size : 99
./Out_RL_PUBLISHER5.txt|| Size : 99
./Out_AL_MANSEUR_IDIR.txt|| Size : 99
./Out_AL_AL_EURL_TENIRI.txt|| Size : 99
./Out_AL_SARL_CORAIL.txt|| Size : 99
./Out_AL_SARL_AMERIGE.txt|| Size : 99
./Out_AL_HEINEKEN.txt|| Size : 99
./Out_TU_COMPTOIR.txt|| Size : 99
./Out_TU_SLOUMA_PDT.txt|| Size : 99
./Out_TU_BEN_ABDELLATIF.txt|| Size : 99
./Out_TU_HEINEKEN.txt|| Size : 99
./Out_KHC_BFH_PR.txt|| Size : 99
./Out_KHC_JSANT_PR.txt|| Size : 99
./Out_KHC_LE_BL.txt|| Size : 99
./Out_KHC_COMPRA_LTD.txt|| Size : 99
./Out_1562_FASA_CL.txt|| Size : 99
./Out_1563_SOCOFAR_CL.txt|| Size : 99
./Out_1565_SYB_FARMA_CL.txt|| Size : 99
./Out_1588_DCM_JP.txt|| Size : 99
./Out_INDOGROSIR_ID.txt|| Size : 99
./Out_MAKRO_ID.txt|| Size : 99
./Out_SINO_PRNG.txt|| Size : 99
./Out_DIAGEO_COAST.txt|| Size : 99
./Out_HSY_CONGRUPO.txt|| Size : 99
./Out_3771_COOP_IT.txt|| Size : 99
./Out_1890_MULTICUSTOMER_UA.txt|| Size : 99
./Out_POC_TENANT1.txt|| Size : 99
./Out_POC_TENANT2.txt|| Size : 99
./Out_POC_TENANT3.txt|| Size : 99
./Out_SL_HEINEKEN.txt|| Size : 99
./Out_SL_KASASA.txt|| Size : 99
./Out_SL_MEMS.txt|| Size : 99
./Out_SL_STAR.txt|| Size : 99
./Out_SL_MARY_SONS.txt|| Size : 99
./Out_SL_HAWAFODAY.txt|| Size : 99
./Out_SL_MARIESNELL.txt|| Size : 99
./Out_KHC_PRIME_DIST.txt|| Size : 99
./Out_KHC_TOUCAN_IND.txt|| Size : 99
./Out_KHC_PRIME.txt|| Size : 99
./Out_SOCCER_FACTORY.txt|| Size : 99
./Out_EVASION_RUNNING.txt|| Size : 99
./Out_MDCOE_REPORT_SUBSCRIBER4.txt|| Size : 99
./Out_MDCOE_REPORT_SUBSCRIBER5.txt|| Size : 99
./Out_BU_HAKIZA.txt|| Size : 99
./Out_1561_PREUNIC_CL.txt|| Size : 99
./Out_RB_CAM_RBONE.txt|| Size : 99
./Out_RB_NEWSPAGE.txt|| Size : 99
./Out_RB_LKA_RBONE.txt|| Size : 99
./Out_RB_ARG_IMS_NCC.txt|| Size : 99
./Out_RB_NP_SGP_RBONE.txt|| Size : 99
./Out_RB_NP_TRK_RBONE.txt|| Size : 99
./Out_RB_INDONESIA_CONSOLIDATOR.txt|| Size : 99
./Out_RB_NP_JPN_RBONE.txt|| Size : 99
./Out_RB_NP_ARA_RBONE.txt|| Size : 99
./Out_RB_NP_HUN_RBONE.txt|| Size : 99
./Out_RB_HKG_RBONE.txt|| Size : 99
./Out_RB_NP_GLCOMM_RBONE.txt|| Size : 99
./Out_RB_NP_CHL_RBONE.txt|| Size : 99
./Out_RB_NP_BRA_RBONE.txt|| Size : 99
./Out_RB_BGD_RBONE.txt|| Size : 99
./Out_RB_NP_ARG_RBONE.txt|| Size : 99
./Out_RB_IDN_RBONE.txt|| Size : 99
./Out_RB_ZIMBABWE_SFA_NEWSPAGE.txt|| Size : 99
./Out_RB_UAE_MFA_NEWSPAGE.txt|| Size : 99
./Out_RB_TURKEY_MFA_NEWSPAGE.txt|| Size : 99
./Out_RB_THAILAND_SFA_NEWSPAGE.txt|| Size : 99
./Out_RB_SRI_LANKA_SFA_NEWSPAGE.txt|| Size : 99
./Out_RB_SOUTH_AFRICA_MFA_NEWSPAGE.txt|| Size : 99
./Out_RB_SINGAPORE_MFA_NEWSPAGE.txt|| Size : 99
./Out_RB_PHILIPPINES_SFA_NEWSPAGE.txt|| Size : 99
./Out_RB_PAKISTAN_SFA_NEWSPAGE.txt|| Size : 99
./Out_RB_INDIA_SMFA_NEWSPAGE.txt|| Size : 99
./Out_RB_BOTSWANA_SFA_NEWSPAGE.txt|| Size : 99
./Out_RB_BANGLADESH_SFA_NEWSPAGE.txt|| Size : 99
./Out_RB_INDONESIA_SMFA_NEWSPAGE.txt|| Size : 99
./Out_RB_NP_NIG_RBONE.txt|| Size : 99
./Out_RB_MYS_RBONE.txt|| Size : 99
./Out_CI_HEINEKEN.txt|| Size : 99
./Out_LB_HEINEKEN.txt|| Size : 99
./Out_TU_STE_BEJAOUI.txt|| Size : 99
./Out_TU_MOULAHI_FAICEL.txt|| Size : 99
./Out_TU_STE_FAWZ.txt|| Size : 99
./Out_1578_TOYS_R_US_JP.txt|| Size : 99
./Out_1867_CENCOSUD_CL.txt|| Size : 99
./Out_1903_KOHNAN_JP.txt|| Size : 99
./Out_2577_METRO_RO.txt|| Size : 99
./Out_2709_FARMATODO_VE.txt|| Size : 99
./Out_2738_METRO_IN.txt|| Size : 99
./Out_3028_TESCO_IN.txt|| Size : 99
./Out_3039_SPENCER_IN.txt|| Size : 99
./Out_3042_PRESTIGE_KRUIDVAT_NL.txt|| Size : 99
./Out_3144_METRO_AT.txt|| Size : 99
./Out_3146_REWE_AT.txt|| Size : 99
./Out_3147_MEDIA_MARKET_AT.txt|| Size : 99
./Out_3148_SPAR_AT.txt|| Size : 99
./Out_3174_MIGROS_CH.txt|| Size : 99
./Out_3176_EDEKA_DE.txt|| Size : 99
./Out_3184_REWE_DE.txt|| Size : 99
./Out_3200_BUDNIKOWSKY_DE.txt|| Size : 99
./Out_3204_FEGRO_DE.txt|| Size : 99
./Out_3208_WASGAU_DE.txt|| Size : 99
./Out_3210_DOHLE_DE.txt|| Size : 99
./Out_3211_ACN_DE.txt|| Size : 99
./Out_3216_KARSTADT_DE.txt|| Size : 99
./Out_3246_POSTLOGISTICS_CH.txt|| Size : 99
./Out_3293_AMAZON_COM_FR.txt|| Size : 99
./Out_3313_PERFOGROUP_AR.txt|| Size : 99
./Out_3337_MARJANE_MO.txt|| Size : 99
./Out_3369_DM_AT.txt|| Size : 99
./Out_3598_DIA_DIA_VE.txt|| Size : 99
./Out_3617_EROSKI_SP.txt|| Size : 99
./Out_3624_YUTAKA_PHARMACY_JP.txt|| Size : 99
./Out_3625_TRIAL_JP.txt|| Size : 99
./Out_3634_CARREFOUR_MO.txt|| Size : 99
./Out_3678_ABBAT_RU.txt|| Size : 99
./Out_3690_LA_ANONIMA_CATMAN_AR.txt|| Size : 99
./Out_3701_TENGELMANN_DE.txt|| Size : 99
./Out_3722_MILLAN_AR.txt|| Size : 99
./Out_3731_PAM_IT.txt|| Size : 99
./Out_3737_PICK_N_PAY_SA.txt|| Size : 99
./Out_3742_SOBEYS_CA.txt|| Size : 99
./Out_3746_D_ARAUJO_BR.txt|| Size : 99
./Out_3747_SUPERPAGUEMENOS_BR.txt|| Size : 99
./Out_3767_IRMAOS_L_BR.txt|| Size : 99
./Out_2541_LA_COMER.txt|| Size : 99
./Out_2542_CHEDRAUI_MX.txt|| Size : 99
./Out_2548_TESCO_UK.txt|| Size : 99
./Out_2573_HEB_MX.txt|| Size : 99
./Out_2716_MORISSONS_UK.txt|| Size : 99
./Out_2755_CARREFOUR_BR.txt|| Size : 99
./Out_3030_GPA_BR.txt|| Size : 99
./Out_3044_SMU_UNIMARC_CL.txt|| Size : 99
./Out_3236_SONAE_PT.txt|| Size : 99
./Out_3241_CARREFOUR_ES.txt|| Size : 99
./Out_3424_MULTIDRUG_BR.txt|| Size : 99
./Out_3588_BENAVIDES_MX.txt|| Size : 99
./Out_3601_CALIMAX_MX.txt|| Size : 99
./Out_3605_COOP_BR.txt|| Size : 99
./Out_3606_NORDESTAO_BR.txt|| Size : 99
./Out_3628_CASA_LEY_MX.txt|| Size : 99
./Out_3633_PAGUEMENOS_BR.txt|| Size : 99
./Out_3635_CENCOSUD_BR.txt|| Size : 99
./Out_3638_D_AVO_BR.txt|| Size : 99
./Out_3639_SAVEGNAGO_BR.txt|| Size : 99
./Out_3644_IRAMUS_MUFFATO_BR.txt|| Size : 99
./Out_3649_UNIDASUL_BR.txt|| Size : 99
./Out_3658_COLES_AU.txt|| Size : 99
./Out_3659_COSTCO_MX.txt|| Size : 99
./Out_3685_AUCHAN_HU.txt|| Size : 99
./Out_3709_CONDOR_BR.txt|| Size : 99
./Out_3721_ANGELONI_BR.txt|| Size : 99
./Out_3727_BAHAMAS_BR.txt|| Size : 99
./Out_1666_EXITO_CO.txt|| Size : 99
./Out_1879_TESCO_KR.txt|| Size : 99
./Out_1880_LOTTEMART_KR.txt|| Size : 99
./Out_1904_GS_MART_KR.txt|| Size : 99
./Out_2553_LA14_CO.txt|| Size : 99
./Out_2583_SPSA_PE.txt|| Size : 99
./Out_2584_TOTTUS_PE.txt|| Size : 99
./Out_2711_ALKOSTO_CO.txt|| Size : 99
./Out_2712_MAKRO_CO.txt|| Size : 99
./Out_2713_OLIMPICA_CO.txt|| Size : 99
./Out_2741_CENCOSUD_PE.txt|| Size : 99
./Out_2742_ECKERD_PE.txt|| Size : 99
./Out_3149_METRO_DAILY_DE.txt|| Size : 99
./Out_3177_METRO_WEEKLY_DE.txt|| Size : 99
./Out_3178_GLOBUS_DE.txt|| Size : 99
./Out_3202_ROSSMANN_DE.txt|| Size : 99
./Out_3233_DM_DE.txt|| Size : 99
./Out_3332_CENCOSUD_AR.txt|| Size : 99
./Out_3335_COOPERATIVE_OBRERA_AR.txt|| Size : 99
./Out_3484_MEIJER_US.txt|| Size : 99
./Out_3553_SAFEWAY_US.txt|| Size : 99
./Out_3614_LOTTE_EAST_CN.txt|| Size : 99
./Out_3689_LA_ANONIMA_AR.txt|| Size : 99
./Out_3697_LIBERTAD_AR.txt|| Size : 99
./Out_3700_MUELLER_DE.txt|| Size : 99
./Out_3743_COLSUBSIDIO_CO.txt|| Size : 99
./Out_3768_MAKRO_AR.txt|| Size : 99
./Out_1642_MIGROS_TR.txt|| Size : 99
./Out_1885_LENTA_RU.txt|| Size : 99
./Out_2545_CARREFOUR_RO.txt|| Size : 99
./Out_2586_CARREFOUR_TR.txt|| Size : 99
./Out_2736_CARREFOUR_GR.txt|| Size : 99
./Out_3027_BIG_BAZAAR_IN.txt|| Size : 99
./Out_3047_AXFOOD_SE.txt|| Size : 99
./Out_3242_ALCAMPO_ES.txt|| Size : 99
./Out_3243_MERCADONA_ES.txt|| Size : 99
./Out_3244_ECI_DEPTILN_ES.txt|| Size : 99
./Out_3267_ASDA_UK.txt|| Size : 99
./Out_3317_CAREFOUR_BE.txt|| Size : 99
./Out_3412_DIA_GLOBAL.txt|| Size : 99
./Out_3418_WALTERMART_PH.txt|| Size : 99
./Out_3440_DMART_IN.txt|| Size : 99
./Out_3636_ROBINSONS_PH.txt|| Size : 99
./Out_3646_CARREFOUR_GLOBAL.txt|| Size : 99
./Out_3648_MYMARKET_GR.txt|| Size : 99
./Out_3651_DFI_PH.txt|| Size : 99
./Out_3656_SKLAVENITIS_GR.txt|| Size : 99
./Out_3661_WATSONS_PH.txt|| Size : 99
./Out_3664_GALAXIAS_GR.txt|| Size : 99
./Out_3680_AUCHAN_FR.txt|| Size : 99
./Out_3681_AUCHAN_RU.txt|| Size : 99
./Out_3682_AUCHAN_IT.txt|| Size : 99
./Out_3684_AUCHAN_PL.txt|| Size : 99
./Out_3687_AUCHAN_ES.txt|| Size : 99
./Out_3744_X5_RU.txt|| Size : 99
./Out_3762_MEGAIMAGE_RO.txt|| Size : 99
./Out_ROSSMAN_POLAND.txt|| Size : 99
./Out_CARREFOUR_POLAND.txt|| Size : 99
./Out_TESCO_HUNGARY.txt|| Size : 99
./Out_DM_CROATIA.txt|| Size : 99
./Out_AHOLD_CZECH.txt|| Size : 99
./Out_DM_HUNGARY.txt|| Size : 99
./Out_DM_SLOVAKIA.txt|| Size : 99
./Out_GLOBUS_CZECH.txt|| Size : 99
./Out_MULLER_HUNGARY.txt|| Size : 99
./Out_SELGROS_POLAND.txt|| Size : 99
./Out_SPAR_CROATIA.txt|| Size : 99
./Out_TESCO_POLAND.txt|| Size : 99
./Out_TESCO_SLOVAKIA.txt|| Size : 99
./Out_TESCO_CZECH.txt|| Size : 99
./Out_AUCHAN_HUNGARY.txt|| Size : 99
./Out_KONZUM_CROATIA.txt|| Size : 99
./Out_LECLERC_POLAND.txt|| Size : 99
./Out_PK_SLOVAKIA.txt|| Size : 99
./Out_ROSSMANN_POLAND.txt|| Size : 99
./Out_ROSSMANN_HUNGARY.txt|| Size : 99
./Out_SPAR_HUNGARY.txt|| Size : 99
./Out_TETA_CZECH.txt|| Size : 99
./Out_GIANT_ID.txt|| Size : 99
./Out_GUARDIAN_ID.txt|| Size : 99
./Out_STARMART_ID.txt|| Size : 99
./Out_HERO_ID.txt|| Size : 99
./Out_LOTTESHOP_ID.txt|| Size : 99
./Out_MATAHARI_ID.txt|| Size : 99
./Out_YOGYA_ID.txt|| Size : 99
./Out_CARREFOUR_ID.txt|| Size : 99
./Out_ALFAMART_ID.txt|| Size : 99
./Out_ALFAMIDI_ID.txt|| Size : 99
./Out_LOTTEMART_ID.txt|| Size : 99
./Out_CUSTOMER_ASIA.txt|| Size : 99
./Out_3781_ACN_DE_ALDI.txt|| Size : 99
./Out_3184_COOPKIEL_DE.txt|| Size : 99
./Out_3769_EXPERT_DE.txt|| Size : 99
./Out_3211_GFK_DE.txt|| Size : 99
./Out_PNG_DACH.txt|| Size : 99
./Out_3713_DIA_AR.txt|| Size : 99
./Out_3759_ABDELHAIZE_GR.txt|| Size : 99
./Out_3770_MASOUTIS_GR.txt|| Size : 99
./Out_3764_KROGER_US.txt|| Size : 99
./Out_3765_CVS_US.txt|| Size : 99
./Out_MDCOE_REPORT_SUBSCRIBER6.txt|| Size : 99
./Out_MDCOE_REPORT_PUBLISHER6.txt|| Size : 99
./Out_MDCOE_REPORT_PUBLISHER5.txt|| Size : 99
./Out_MDCOE_REPORT_PUBLISHER4.txt|| Size : 99
./Out_3774_DIA_BR.txt|| Size : 99
./Out_MDCOE_REPORT_PUBLISHER3.txt|| Size : 99
./Out_MDCOE_REPORT_SUBSCRIBER.txt|| Size : 99
./Out_MDCOE_REPORT_PUBLISHER.txt|| Size : 99
./Out_MDCOE_REPORT_SUBSCRIBER3.txt|| Size : 99
./Out_MDLZ_GREECE_PUBLISHER.txt|| Size : 99
./Out_MDLZ_GREECE_SUBSCRIBER.txt|| Size : 99
./Out_MDLZ_TURKEY_PUBLISHER.txt|| Size : 99
./Out_MDLZ_TURKEY_SUBSCRIBER.txt|| Size : 99
./Out_MDLZ_CHINA_PUBLISHER.txt|| Size : 99
./Out_MDLZ_CHINA_SUBSCRIBER.txt|| Size : 99
./Out_RSH.txt|| Size : 99
./Out_GO_SPORTS.txt|| Size : 99
./Out_ADIDAS_EM.txt|| Size : 99
./Out_LEVI.txt|| Size : 99
./Out_DEBENHAMS_MENS.txt|| Size : 99
./Out_DEVIANNE.txt|| Size : 99
./Out_HOUSE_OF_FRASER_MENS.txt|| Size : 99
./Out_BIND_SUBSCRIBER.txt|| Size : 99
./Out_SL_BAYCO.txt|| Size : 99
./Out_TUK_HEINEKEN.txt|| Size : 99
./Out_3775_TOTTUS_CL.txt|| Size : 99
./Out_3776_HARRIS_TEETER.txt|| Size : 99
./Out_3777_SDM.txt|| Size : 99
./Out_3778_AI_SUPER_MX.txt|| Size : 99
./Out_ET_ABATHUN.txt|| Size : 99
./Out_ET_HAGAREMARIAM.txt|| Size : 99
./Out_ET_TEKLEMARIAM.txt|| Size : 99
./Out_ET_KAHSAYWOLDESILASSIE.txt|| Size : 99
./Out_ET_GOSHU.txt|| Size : 99
./Out_ET_NEGASH.txt|| Size : 99
./Out_ET_TERECHE.txt|| Size : 99
./Out_3782_LOBLAWS_CA.txt|| Size : 99
./Out_3783_WALMART_COM_US.txt|| Size : 99
./Out_3785_BJS_US.txt|| Size : 99
./Out_3780_ATACADAO_BR.txt|| Size : 99
./Out_3786_MAICAO_CL.txt|| Size : 99
./Out_3788_PANDA_SAUDI.txt|| Size : 99
./Out_3789_AMAZON_US.txt|| Size : 99
./Out_3790_CREATE_JP.txt|| Size : 99
./Out_RL_US_SAKS.txt|| Size : 99
./Out_3791_COSMOS_JP.txt|| Size : 99
./Out_3794_KIRINDO_JP.txt|| Size : 99
./Out_3795_ZAGZAG_JP.txt|| Size : 99
./Out_MZ_CICOTI.txt|| Size : 99
./Out_MZ_HEINEKEN.txt|| Size : 99
./Out_3793_CHUBU_YAKUHIN_JP.txt|| Size : 99
./Out_METRO_HUNGARY.txt|| Size : 99
./Out_CI_MERKATO_SARL.txt|| Size : 99
./Out_93736_CONSUM_SPAIN.txt|| Size : 99
./Out_93655_GADISA_SPAIN.txt|| Size : 99
./Out_93641_CONDIS_SPAIN.txt|| Size : 99
./Out_93632_SUPERSOL_SPAIN.txt|| Size : 99
./Out_93654_FORNES_SPAIN.txt|| Size : 99
./Out_93237_JERONIMO_PORGL.txt|| Size : 99
./Out_93732_INTERMAR_PORT.txt|| Size : 99
./Out_BACARDI_FTI.txt|| Size : 99
./Out_MDLZ_KUWT_TMC.txt|| Size : 99
./Out_MDLZ_KUWT_GTRC.txt|| Size : 99
./Out_MDLZ_KUWT_SIF.txt|| Size : 99
./Out_MDLZ_UAE_ALSR_AT.txt|| Size : 99
./Out_MDLZ_PAK_ERP.txt|| Size : 99
./Out_3808_EURONICS_DE.txt|| Size : 99
./Out_3809_AEON_JP.txt|| Size : 99
./Out_3810_ARKLAND_SAKAMOT.txt|| Size : 99
./Out_3811_DONKIJOTE.txt|| Size : 99
./Out_3812_ELEVEN_DRUGS.txt|| Size : 99
./Out_3813_KUSURI_NA_AOKI.txt|| Size : 99
./Out_3814_SAPPORO_DRUG.txt|| Size : 99
./Out_3815_LOHACO.txt|| Size : 99
./Out_PHIL_PRG.txt|| Size : 99
./Out_PHIL_RTEC.txt|| Size : 99
./Out_MDLZ_SOUTH_AFRICA.txt|| Size : 99
./Out_MDLZ_BHRN_SIF.txt|| Size : 99
./Out_3818_WALMART_CATMAN.txt|| Size : 99
./Out_MDLZ_MY_SUB.txt|| Size : 99
./Out_MDLZ_IDN_PUB.txt|| Size : 99
./Out_MDLZ_IDN_SUB.txt|| Size : 99
./Out_MDLZ_NG_SUB.txt|| Size : 99
./Out_TC_ME_SEE_KO.txt|| Size : 99
./Out_TC_EU_EE_TRAN.txt|| Size : 99
./Out_PNG_TC_ASEAN.txt|| Size : 99
./Out_PNG_TC_EU.txt|| Size : 99
./Out_PNG_TC_MEA.txt|| Size : 99
./Out_PNG_TC_MASTER.txt|| Size : 99
./Out_PNG_TC_CUSTOM.txt|| Size : 99
./Out_3827_CAINZ_JP.txt|| Size : 99
./Out_3828_INAGEYA_JP.txt|| Size : 99
./Out_3829_SEKI_YAKUHIN_JP.txt|| Size : 99
./Out_RL_US_HBC.txt|| Size : 99
./Out_RL_US_KOHLS.txt|| Size : 99
./Out_RL_US_BONTON.txt|| Size : 99
./Out_RL_US_MACYS.txt|| Size : 99
./Out_RL_US_BELK.txt|| Size : 99
./Out_RL_US_SUBSCRIBER.txt|| Size : 99
./out.log|| Size : 56K
